2025-02-17 10:48:32,309 - feature_engineering - INFO - Starting feature engineering process...
2025-02-17 10:48:32,309 - feature_engineering - INFO - Loading data...
2025-02-17 10:48:40,764 - feature_engineering - INFO - Processing text features with pipeline...
2025-02-17 10:48:40,777 - feature_engineering - INFO - Extracting text features in parallel...
2025-02-17 10:55:51,216 - feature_engineering - INFO - Text features processing completed in 430.45 seconds
2025-02-17 10:55:51,217 - feature_engineering - INFO - Processing date features...
2025-02-17 10:55:51,218 - feature_engineering - INFO - Extracting date features...
2025-02-17 10:55:51,712 - feature_engineering - INFO - Date features processing completed in 0.49 seconds
2025-02-17 10:55:51,713 - feature_engineering - INFO - Processing movie details features...
2025-02-17 10:55:52,030 - feature_engineering - INFO - Movie details processing completed in 0.32 seconds
2025-02-17 10:55:52,031 - feature_engineering - INFO - Calculating statistical features...
2025-02-17 10:55:52,392 - feature_engineering - INFO - Calculating review length percentile...
2025-02-17 10:55:52,749 - feature_engineering - INFO - Statistical features calculation completed in 0.72 seconds
2025-02-17 10:55:52,749 - feature_engineering - INFO - Calculating temporal features...
2025-02-17 10:55:53,287 - feature_engineering - INFO - Temporal features calculation completed in 0.54 seconds
2025-02-17 10:55:53,288 - feature_engineering - INFO - Extracting named entities...
2025-02-17 10:55:53,288 - feature_engineering - INFO - Extracting named entities in parallel...
2025-02-17 11:00:56,690 - feature_engineering - INFO - Named entity extraction completed in 303.40 seconds
2025-02-17 11:00:56,690 - feature_engineering - INFO - Calculating readability metrics...
2025-02-17 11:00:56,691 - feature_engineering - INFO - Calculating readability metrics in parallel...
2025-02-17 11:02:48,110 - feature_engineering - INFO - Readability metrics calculation completed in 111.42 seconds
2025-02-17 11:02:48,110 - feature_engineering - INFO - Computing cosine similarity features...
2025-02-17 11:02:48,110 - feature_engineering - INFO - Fitting vectorizer for review_text and plot_summary...
2025-02-17 11:04:58,520 - feature_engineering - INFO - Computing cosine similarity between review_text and plot_summary...
2025-02-17 11:07:22,406 - feature_engineering - INFO - Fitting vectorizer for review_summary and plot_synopsis...
2025-02-17 11:17:32,941 - feature_engineering - INFO - Computing cosine similarity between review_summary and plot_synopsis...
2025-02-17 11:27:56,336 - feature_engineering - INFO - Cosine similarity computation completed in 1508.23 seconds
2025-02-17 11:27:56,337 - feature_engineering - INFO - Generating TF-IDF features with n-grams...
2025-02-17 11:27:56,338 - feature_engineering - INFO - Fitting vectorizer with 5000 features...
2025-02-17 11:32:27,102 - feature_engineering - INFO - Fitting SVD with 100 components...
2025-02-17 11:35:50,654 - feature_engineering - INFO - Transforming text to vectorized features...
2025-02-17 11:40:16,323 - feature_engineering - INFO - Applying dimensionality reduction with SVD...
2025-02-17 11:40:30,853 - feature_engineering - INFO - TF-IDF feature generation completed in 754.52 seconds
2025-02-17 11:40:30,853 - feature_engineering - INFO - Generating topic modeling features...
2025-02-17 11:40:30,876 - feature_engineering - INFO - Fitting TF-IDF vectorizer for topic modeling with 5000 features...
2025-02-17 11:42:02,838 - feature_engineering - INFO - Fitting LDA with 10 topics...
2025-02-17 12:06:12,450 - feature_engineering - INFO - Transforming text to topic features...
2025-02-17 12:07:48,719 - feature_engineering - INFO - Extracting topic distributions...
2025-02-17 12:09:40,154 - feature_engineering - INFO - Topic modeling feature generation completed in 1749.30 seconds
2025-02-17 12:09:40,154 - feature_engineering - INFO - Saving processed datasets...
2025-02-17 12:10:58,989 - feature_engineering - INFO - Dataset saving completed in 78.82 seconds
2025-02-17 12:10:59,001 - feature_engineering - INFO - Total feature engineering process completed in 4946.69 seconds
