2025-02-16 16:40:47,561 - feature_engineering - INFO - Starting feature engineering process...
2025-02-16 16:40:47,561 - feature_engineering - INFO - Loading data...
2025-02-16 16:40:56,050 - feature_engineering - INFO - Processing text features with pipeline...
2025-02-16 16:40:56,060 - feature_engineering - INFO - Extracting text features...
2025-02-16 17:32:02,720 - feature_engineering - INFO - Text features processing completed in 3066.67 seconds
2025-02-16 17:32:02,720 - feature_engineering - INFO - Processing date features...
2025-02-16 17:32:02,720 - feature_engineering - INFO - Extracting date features...
2025-02-16 17:32:03,206 - feature_engineering - INFO - Date features processing completed in 0.49 seconds
2025-02-16 17:32:03,206 - feature_engineering - INFO - Processing movie details features...
2025-02-16 17:32:03,501 - feature_engineering - INFO - Movie details processing completed in 0.29 seconds
2025-02-16 17:32:03,501 - feature_engineering - INFO - Calculating statistical features...
2025-02-16 17:32:03,907 - feature_engineering - INFO - Calculating review length percentile...
2025-02-16 17:32:04,249 - feature_engineering - INFO - Statistical features calculation completed in 0.75 seconds
2025-02-16 17:32:04,249 - feature_engineering - INFO - Calculating temporal features...
2025-02-16 17:32:04,755 - feature_engineering - INFO - Temporal features calculation completed in 0.51 seconds
2025-02-16 17:32:04,755 - feature_engineering - INFO - Extracting named entities...
2025-02-16 17:32:04,755 - feature_engineering - INFO - Extracting named entities...
2025-02-16 17:59:06,397 - feature_engineering - INFO - Named entity extraction completed in 1621.64 seconds
2025-02-16 17:59:06,397 - feature_engineering - INFO - Calculating readability metrics...
2025-02-16 17:59:06,398 - feature_engineering - INFO - Calculating readability metrics...
2025-02-16 18:09:13,720 - feature_engineering - INFO - Readability metrics calculation completed in 607.32 seconds
2025-02-16 18:09:13,720 - feature_engineering - INFO - Computing cosine similarity features...
2025-02-16 18:09:13,721 - feature_engineering - INFO - Fitting vectorizer for review_text and plot_summary...
2025-02-16 18:11:28,926 - feature_engineering - INFO - Computing cosine similarity between review_text and plot_summary...
2025-02-16 18:13:53,938 - feature_engineering - INFO - Fitting vectorizer for review_summary and plot_synopsis...
2025-02-16 18:25:02,813 - feature_engineering - INFO - Computing cosine similarity between review_summary and plot_synopsis...
2025-02-16 18:38:09,375 - feature_engineering - INFO - Cosine similarity computation completed in 1735.65 seconds
2025-02-16 18:38:09,375 - feature_engineering - INFO - Generating TF-IDF features with n-grams...
2025-02-16 18:38:09,409 - feature_engineering - INFO - Fitting TF-IDF vectorizer with 5000 features...
2025-02-16 21:30:14,297 - feature_engineering - INFO - Fitting SVD with 100 components...
2025-02-16 21:31:16,922 - feature_engineering - INFO - Transforming text to TF-IDF features...
2025-02-16 21:36:57,686 - feature_engineering - INFO - Applying dimensionality reduction with SVD...
2025-02-16 21:37:02,454 - feature_engineering - INFO - TF-IDF feature generation completed in 10733.08 seconds
2025-02-16 21:37:02,454 - feature_engineering - INFO - Generating topic modeling features...
2025-02-16 21:37:02,475 - feature_engineering - INFO - Fitting TF-IDF vectorizer for topic modeling with 5000 features...
2025-02-16 21:38:35,688 - feature_engineering - INFO - Fitting LDA with 10 topics...
2025-02-16 22:02:05,188 - feature_engineering - INFO - Transforming text to topic features...
2025-02-16 22:03:44,282 - feature_engineering - INFO - Extracting topic distributions...
2025-02-16 22:05:27,967 - feature_engineering - INFO - Topic modeling feature generation completed in 1705.51 seconds
2025-02-16 22:05:27,968 - feature_engineering - INFO - Saving processed datasets...
2025-02-16 22:07:03,954 - feature_engineering - INFO - Dataset saving completed in 95.97 seconds
2025-02-16 22:07:03,971 - feature_engineering - INFO - Total feature engineering process completed in 19576.41 seconds
