2025-02-17 17:53:02,524 - INFO - Starting hyperparameter tuning for BASE data
2025-02-17 17:53:03,697 - INFO - Successfully loaded data from data/processed/v3/splits/base
2025-02-17 17:53:03,697 - INFO - Training set shape: (458702, 170), Test set shape: (114676, 170)
2025-02-17 17:53:03,697 - INFO - Training label distribution: [338017 120685]
2025-02-17 17:53:03,697 - INFO - Testing label distribution: [84505 30171]
2025-02-17 17:53:03,697 - INFO - Starting hyperparameter tuning for Logistic Regression...
2025-02-17 17:53:03,697 - INFO - Using RandomizedSearchCV for Logistic Regression
2025-02-17 18:16:07,964 - INFO - Logistic Regression tuning completed in 1384.27 seconds
2025-02-17 18:16:07,980 - INFO - Best parameters for Logistic Regression: {'solver': 'saga', 'max_iter': 1000, 'class_weight': 'balanced', 'C': 0.1}
2025-02-17 18:16:07,980 - INFO - Best CV score for Logistic Regression: 0.6263
2025-02-17 18:16:07,980 - INFO - Saved tuned Logistic Regression model to models/v3_tuned/base/logistic_regression_tuned_model.pkl
2025-02-17 18:16:08,990 - INFO - ROC AUC for Logistic Regression: 0.7739
2025-02-17 18:16:09,526 - INFO - Classification Report for tuned Logistic Regression:
2025-02-17 18:16:09,548 - INFO - 
              precision    recall  f1-score   support

           0       0.86      0.71      0.78     84505
           1       0.46      0.69      0.55     30171

    accuracy                           0.70    114676
   macro avg       0.66      0.70      0.66    114676
weighted avg       0.76      0.70      0.72    114676

2025-02-17 18:16:09,549 - INFO - Confusion Matrix for tuned Logistic Regression:
2025-02-17 18:16:09,549 - INFO - 
[[59671 24834]
 [ 9383 20788]]
2025-02-17 18:16:09,906 - INFO - Starting hyperparameter tuning for XGBoost...
2025-02-17 18:16:09,906 - INFO - Using RandomizedSearchCV for XGBoost
2025-02-17 18:19:12,022 - INFO - XGBoost tuning completed in 182.11 seconds
2025-02-17 18:19:12,046 - INFO - Best parameters for XGBoost: {'subsample': 0.6, 'scale_pos_weight': 10, 'n_estimators': 500, 'min_child_weight': 10, 'max_depth': 3, 'learning_rate': 0.2, 'gamma': 0.2, 'colsample_bytree': 0.6}
2025-02-17 18:19:12,046 - INFO - Best CV score for XGBoost: 0.7079
2025-02-17 18:19:12,047 - INFO - Saved tuned XGBoost model to models/v3_tuned/base/xgboost_tuned_model.pkl
2025-02-17 18:19:12,435 - INFO - ROC AUC for XGBoost: 0.7978
2025-02-17 18:19:12,922 - INFO - Classification Report for tuned XGBoost:
2025-02-17 18:19:12,948 - INFO - 
              precision    recall  f1-score   support

           0       0.97      0.32      0.48     84505
           1       0.34      0.97      0.50     30171

    accuracy                           0.49    114676
   macro avg       0.65      0.65      0.49    114676
weighted avg       0.80      0.49      0.49    114676

2025-02-17 18:19:12,948 - INFO - Confusion Matrix for tuned XGBoost:
2025-02-17 18:19:12,948 - INFO - 
[[27252 57253]
 [  850 29321]]
2025-02-17 18:19:13,343 - INFO - Starting hyperparameter tuning for LightGBM...
2025-02-17 18:19:13,343 - INFO - Using RandomizedSearchCV for LightGBM
